05/31/2023 09:12:14 PM Opened Firefox Browser
05/31/2023 09:12:18 PM Clicked on Sign In button
05/31/2023 09:12:23 PM Clicked on Logout Button
05/31/2023 09:12:31 PM Close the Browser
05/31/2023 09:15:30 PM Opened Firefox Browser
05/31/2023 09:15:33 PM Entered username= and password=test
05/31/2023 09:15:34 PM Clicked on Sign In button
05/31/2023 09:15:42 PM Close the Browser
05/31/2023 09:15:52 PM Opened Firefox Browser
05/31/2023 09:15:55 PM Entered username=aa and password=test
05/31/2023 09:15:56 PM Clicked on Sign In button
05/31/2023 09:16:04 PM Close the Browser
05/31/2023 09:16:14 PM Opened Firefox Browser
05/31/2023 09:16:18 PM Entered username=Test and password=Test
05/31/2023 09:16:18 PM Clicked on Sign In button
05/31/2023 09:16:26 PM Close the Browser
05/31/2023 09:39:01 PM Opened Firefox Browser
05/31/2023 09:39:05 PM Clicked on Sign In button
05/31/2023 09:39:10 PM Clicked on Logout Button
05/31/2023 09:39:18 PM Close the Browser
05/31/2023 09:39:29 PM Opened Firefox Browser
05/31/2023 09:39:36 PM Close the Browser
05/31/2023 09:39:47 PM Opened Firefox Browser
05/31/2023 09:39:50 PM Clicked on Sign In button
05/31/2023 09:39:56 PM Close the Browser
05/31/2023 09:40:06 PM Opened Firefox Browser
05/31/2023 09:40:18 PM Close the Browser
05/31/2023 09:40:29 PM Opened Firefox Browser
05/31/2023 09:40:32 PM Entered username= and password=test
05/31/2023 09:40:32 PM Clicked on Sign In button
05/31/2023 09:40:40 PM Close the Browser
05/31/2023 09:40:51 PM Opened Firefox Browser
05/31/2023 09:40:55 PM Entered username=aa and password=test
05/31/2023 09:40:55 PM Clicked on Sign In button
05/31/2023 09:41:04 PM Close the Browser
05/31/2023 09:41:15 PM Opened Firefox Browser
05/31/2023 09:41:18 PM Entered username=Test and password=Test
05/31/2023 09:41:18 PM Clicked on Sign In button
05/31/2023 09:41:26 PM Close the Browser
06/02/2023 08:32:45 PM Opened Firefox Browser
06/02/2023 08:32:49 PM Entered username=Demo-User and password=Demo-Access1
06/02/2023 08:32:49 PM Clicked on Sign In button
06/02/2023 08:32:49 PM Clicked on Sign In button
06/02/2023 08:32:55 PM Clicked on Logout Button
06/02/2023 08:33:03 PM Close the Browser
06/02/2023 08:36:24 PM Opened Firefox Browser
06/02/2023 08:36:31 PM Close the Browser
06/02/2023 08:39:09 PM Opened Firefox Browser
06/02/2023 08:39:13 PM Entered username=Bank-Admin and password=Demo-Access1
06/02/2023 08:39:13 PM Clicked on Sign In button
06/02/2023 08:39:20 PM Close the Browser
06/02/2023 08:53:52 PM Opened Firefox Browser
06/02/2023 08:53:56 PM Entered username=Bank-Admin and password=Demo-Access1
06/02/2023 08:53:56 PM Clicked on Sign In button
06/02/2023 08:54:03 PM Close the Browser
06/02/2023 09:38:30 PM Opened Firefox Browser
06/02/2023 09:38:38 PM Close the Browser
06/02/2023 09:39:33 PM Opened Firefox Browser
06/02/2023 09:39:39 PM Close the Browser
